<?xml version="1.0" encoding="UTF-8"?>
<testng-results skipped="0" failed="0" ignored="0" total="1" passed="1">
  <reporter-output>
  </reporter-output>
  <suite name="Default suite" duration-ms="29673" started-at="2020-09-25T18:00:13Z" finished-at="2020-09-25T18:00:43Z">
    <groups>
    </groups>
    <test name="Default test" duration-ms="29673" started-at="2020-09-25T18:00:13Z" finished-at="2020-09-25T18:00:43Z">
      <class name="com.crossassyst.qa.testcases.LoginPageTest">
        <test-method status="PASS" signature="setup()[pri:0, instance:com.crossassyst.qa.testcases.LoginPageTest@4b9e13df]" name="setup" is-config="true" duration-ms="21813" started-at="2020-09-25T23:30:13Z" finished-at="2020-09-25T23:30:35Z">
          <reporter-output>
          </reporter-output>
        </test-method> <!-- setup -->
        <test-method status="PASS" signature="loginTest()[pri:1, instance:com.crossassyst.qa.testcases.LoginPageTest@4b9e13df]" name="loginTest" duration-ms="7768" started-at="2020-09-25T23:30:35Z" finished-at="2020-09-25T23:30:43Z">
          <reporter-output>
          </reporter-output>
        </test-method> <!-- loginTest -->
      </class> <!-- com.crossassyst.qa.testcases.LoginPageTest -->
    </test> <!-- Default test -->
  </suite> <!-- Default suite -->
</testng-results>
